[dix] Could not init font path element /usr/share/fonts/X11/misc, removing from list!
[dix] Could not init font path element /var/lib/defoma/x-ttcidfont-conf.d/dirs/TrueType, removing from list!
2 XSELINUXs still allocated at reset
SCREEN: 0 objects of 92 bytes = 0 total bytes 0 private allocs
DEVICE: 0 objects of 64 bytes = 0 total bytes 0 private allocs
CLIENT: 0 objects of 120 bytes = 0 total bytes 0 private allocs
WINDOW: 0 objects of 24 bytes = 0 total bytes 0 private allocs
PIXMAP: 1 objects of 8 bytes = 8 total bytes 0 private allocs
GC: 0 objects of 44 bytes = 0 total bytes 0 private allocs
CURSOR: 0 objects of 4 bytes = 0 total bytes 0 private allocs
CURSOR_BITS: 0 objects of 4 bytes = 0 total bytes 0 private allocs
DBE_WINDOW: 0 objects of 12 bytes = 0 total bytes 0 private allocs
TOTAL: 1 objects, 8 bytes, 0 allocs
1 SELECTIONs still allocated at reset
WINDOW: 0 objects of 24 bytes = 0 total bytes 0 private allocs
PIXMAP: 1 objects of 8 bytes = 8 total bytes 0 private allocs
GC: 0 objects of 44 bytes = 0 total bytes 0 private allocs
CURSOR: 0 objects of 4 bytes = 0 total bytes 0 private allocs
CURSOR_BITS: 0 objects of 4 bytes = 0 total bytes 0 private allocs
DBE_WINDOW: 0 objects of 12 bytes = 0 total bytes 0 private allocs
TOTAL: 1 objects, 8 bytes, 0 allocs
1 PIXMAPs still allocated at reset
PIXMAP: 1 objects of 8 bytes = 8 total bytes 0 private allocs
GC: 0 objects of 44 bytes = 0 total bytes 0 private allocs
CURSOR: 0 objects of 4 bytes = 0 total bytes 0 private allocs
CURSOR_BITS: 0 objects of 4 bytes = 0 total bytes 0 private allocs
DBE_WINDOW: 0 objects of 12 bytes = 0 total bytes 0 private allocs
TOTAL: 1 objects, 8 bytes, 0 allocs
[dix] Could not init font path element /usr/share/fonts/X11/misc, removing from list!
[dix] Could not init font path element /var/lib/defoma/x-ttcidfont-conf.d/dirs/TrueType, removing from list!
[dix] Could not init font path element /usr/share/fonts/X11/misc, removing from list!
[dix] Could not init font path element /var/lib/defoma/x-ttcidfont-conf.d/dirs/TrueType, removing from list!
/usr/bin/xterm: fatal IO error 11 (Resource temporarily unavailable) or KillClient on X server ":20"
